<?xml version="1.0" encoding="UTF-8"?>
<!-- Generated by org.testng.reporters.JUnitReportReporter -->
<testsuite hostname="MacMini01.local" name="com.s3.testCases.TCAddHoldsModule" tests="1" failures="0" timestamp="22 Sep 2017 11:33:02 GMT" time="161.972" errors="0">
  <testcase name="addPreDefinedWebModule" time="161.972" classname="com.s3.testCases.TCAddHoldsModule"/>
</testsuite> <!-- com.s3.testCases.TCAddHoldsModule -->
