<?xml version="1.0" encoding="UTF-8"?>
<!-- Generated by org.testng.reporters.JUnitReportReporter -->
<testsuite hostname="MacMini01.local" name="com.s3.testCases.TCAddBannerEnrollmentModule" tests="1" failures="0" timestamp="22 Sep 2017 11:33:03 GMT" time="162.507" errors="0">
  <testcase name="addBannerEnrollmentModule" time="162.507" classname="com.s3.testCases.TCAddBannerEnrollmentModule"/>
</testsuite> <!-- com.s3.testCases.TCAddBannerEnrollmentModule -->
