<?xml version="1.0" encoding="UTF-8"?>
<!-- Generated by org.testng.reporters.JUnitReportReporter -->
<testsuite hostname="MacMini01.local" name="com.s3.TestCasesPhase2.Login.Test_login_RememberMeUnchecked" tests="4" failures="0" timestamp="27 Jun 2017 10:10:38 GMT" time="88.807" errors="0">
  <testcase name="TestRememberme" time="17.275" classname="com.s3.TestCasesPhase2.Login.Test_login_RememberMeUnchecked"/>
  <testcase name="TestRememberme" time="24.195" classname="com.s3.TestCasesPhase2.Login.Test_login_RememberMeUnchecked"/>
  <testcase name="TestRememberme" time="18.822" classname="com.s3.TestCasesPhase2.Login.Test_login_RememberMeUnchecked"/>
  <testcase name="TestRememberme" time="28.515" classname="com.s3.TestCasesPhase2.Login.Test_login_RememberMeUnchecked"/>
</testsuite> <!-- com.s3.TestCasesPhase2.Login.Test_login_RememberMeUnchecked -->
