<?xml version="1.0" encoding="UTF-8"?>
<!-- Generated by org.testng.reporters.JUnitReportReporter -->
<testsuite hostname="MacMini01.local" name="com.s3.testCases.TCLogin" tests="1" failures="0" timestamp="19 Sep 2017 11:08:14 GMT" time="102.961" errors="0">
  <testcase name="LoginTest" time="102.961" classname="com.s3.testCases.TCLogin"/>
</testsuite> <!-- com.s3.testCases.TCLogin -->
