<?xml version="1.0" encoding="UTF-8"?>
<!-- Generated by org.testng.reporters.JUnitReportReporter -->
<testsuite hostname="MacMini01.local" name="com.s3.TestCasesPhase2.Users.Test_UsersSearchUser" tests="1" failures="0" timestamp="14 Jul 2017 11:09:46 GMT" time="22.499" errors="0">
  <testcase name="SearchUserVerification" time="22.499" classname="com.s3.TestCasesPhase2.Users.Test_UsersSearchUser"/>
</testsuite> <!-- com.s3.TestCasesPhase2.Users.Test_UsersSearchUser -->
