<?xml version="1.0" encoding="UTF-8"?>
<!-- Generated by org.testng.reporters.JUnitReportReporter -->
<testsuite hostname="MacMini01.local" name="com.s3.reports.Report" tests="1" failures="0" timestamp="25 Jul 2017 10:33:14 GMT" time="9.192" errors="0">
  <testcase name="CreateSendReports" time="9.192" classname="com.s3.reports.Report"/>
</testsuite> <!-- com.s3.reports.Report -->
