<?xml version="1.0" encoding="UTF-8"?>
<!-- Generated by org.testng.reporters.JUnitReportReporter -->
<testsuite hostname="MacMini01.local" name="com.s3.TestCasesPhase2.Users.ChangePassword_MismatchPasswordError" tests="2" failures="0" timestamp="7 Jul 2017 10:49:06 GMT" time="39.934" errors="0">
  <testcase name="SearchUserVerification" time="19.752" classname="com.s3.TestCasesPhase2.Users.ChangePassword_MismatchPasswordError"/>
  <testcase name="SearchUserVerification" time="20.182" classname="com.s3.TestCasesPhase2.Users.ChangePassword_MismatchPasswordError"/>
</testsuite> <!-- com.s3.TestCasesPhase2.Users.ChangePassword_MismatchPasswordError -->
