<?xml version="1.0" encoding="UTF-8"?>
<!-- Generated by org.testng.reporters.JUnitReportReporter -->
<testsuite hostname="MacMini01.local" name="com.s3.TestCasesPhase2.Login.ValidLogin" tests="1" failures="0" timestamp="20 Jun 2017 07:30:33 GMT" time="32.418" errors="0">
  <testcase name="LoginErrorMessage" time="32.418" classname="com.s3.TestCasesPhase2.Login.ValidLogin"/>
</testsuite> <!-- com.s3.TestCasesPhase2.Login.ValidLogin -->
