<?xml version="1.0" encoding="UTF-8"?>
<!-- Generated by org.testng.reporters.JUnitReportReporter -->
<testsuite hostname="MacMini01.local" name="com.s3.TestCasesPhase2.Admin.Test_AdminManagePartnerPagedisplay" tests="1" failures="0" timestamp="25 Jul 2017 11:25:27 GMT" time="26.971" errors="0">
  <testcase name="ManagePartnerPageVisiblity" time="26.971" classname="com.s3.TestCasesPhase2.Admin.Test_AdminManagePartnerPagedisplay"/>
</testsuite> <!-- com.s3.TestCasesPhase2.Admin.Test_AdminManagePartnerPagedisplay -->
