<?xml version="1.0" encoding="UTF-8"?>
<!-- Generated by org.testng.reporters.JUnitReportReporter -->
<testsuite hostname="MacMini01.local" name="com.s3.TestCasesPhase2.Login.LoginPageElementVerification" tests="1" failures="0" timestamp="19 Jun 2017 11:22:57 GMT" time="12.697" errors="0">
  <testcase name="LoginPageVerification" time="12.697" classname="com.s3.TestCasesPhase2.Login.LoginPageElementVerification"/>
</testsuite> <!-- com.s3.TestCasesPhase2.Login.LoginPageElementVerification -->
