<?xml version="1.0" encoding="UTF-8"?>
<!-- Generated by org.testng.reporters.JUnitReportReporter -->
<testsuite hostname="MacMini01.local" name="com.s3.TestCasesPhase2.Users.SearchUser" tests="5" failures="0" timestamp="7 Jul 2017 10:49:06 GMT" time="195.724" errors="0">
  <testcase name="SearchUserVerification" time="20.558" classname="com.s3.TestCasesPhase2.Users.SearchUser"/>
  <testcase name="SearchUserVerification" time="109.298" classname="com.s3.TestCasesPhase2.Users.SearchUser"/>
  <testcase name="SearchUserVerification" time="20.736" classname="com.s3.TestCasesPhase2.Users.SearchUser"/>
  <testcase name="SearchUserVerification" time="24.972" classname="com.s3.TestCasesPhase2.Users.SearchUser"/>
  <testcase name="SearchUserVerification" time="20.160" classname="com.s3.TestCasesPhase2.Users.SearchUser"/>
</testsuite> <!-- com.s3.TestCasesPhase2.Users.SearchUser -->
