<?xml version="1.0" encoding="UTF-8"?>
<!-- Generated by org.testng.reporters.JUnitReportReporter -->
<testsuite hostname="MacMini01.local" name="com.s3.testCases.TCStyle" tests="1" failures="0" timestamp="22 Sep 2017 11:33:03 GMT" time="53.949" errors="0">
  <testcase name="style" time="53.949" classname="com.s3.testCases.TCStyle"/>
</testsuite> <!-- com.s3.testCases.TCStyle -->
