<?xml version="1.0" encoding="UTF-8"?>
<!-- Generated by org.testng.reporters.JUnitReportReporter -->
<testsuite hostname="MacMini01.local" name="com.s3.TestCasesPhase2.Admin.Test_AdminManagePartnerEditPartnerVisiblity" tests="1" failures="0" timestamp="25 Jul 2017 12:47:20 GMT" time="30.677" errors="0">
  <testcase name="ManagePartnerEditPartnervisiblity" time="30.677" classname="com.s3.TestCasesPhase2.Admin.Test_AdminManagePartnerEditPartnerVisiblity"/>
</testsuite> <!-- com.s3.TestCasesPhase2.Admin.Test_AdminManagePartnerEditPartnerVisiblity -->
