<?xml version="1.0" encoding="UTF-8"?>
<!-- Generated by org.testng.reporters.JUnitReportReporter -->
<testsuite hostname="MacMini01.local" name="com.s3.TestCasesPhase2.Users.CreateNewUser_onProfilepage" tests="5" failures="0" timestamp="7 Jul 2017 10:49:06 GMT" time="166.820" errors="0">
  <testcase name="NewUseronProfilePage" time="34.197" classname="com.s3.TestCasesPhase2.Users.CreateNewUser_onProfilepage"/>
  <testcase name="NewUseronProfilePage" time="32.810" classname="com.s3.TestCasesPhase2.Users.CreateNewUser_onProfilepage"/>
  <testcase name="NewUseronProfilePage" time="32.151" classname="com.s3.TestCasesPhase2.Users.CreateNewUser_onProfilepage"/>
  <testcase name="NewUseronProfilePage" time="34.223" classname="com.s3.TestCasesPhase2.Users.CreateNewUser_onProfilepage"/>
  <testcase name="NewUseronProfilePage" time="33.439" classname="com.s3.TestCasesPhase2.Users.CreateNewUser_onProfilepage"/>
</testsuite> <!-- com.s3.TestCasesPhase2.Users.CreateNewUser_onProfilepage -->
