<?xml version="1.0" encoding="UTF-8"?>
<!-- Generated by org.testng.reporters.JUnitReportReporter -->
<testsuite hostname="MacMini01.local" name="com.s3.testCases.TCAddAdmittedlyModule" tests="1" failures="0" timestamp="22 Sep 2017 11:33:03 GMT" time="161.223" errors="0">
  <testcase name="addAdmittedlyModule" time="161.223" classname="com.s3.testCases.TCAddAdmittedlyModule"/>
</testsuite> <!-- com.s3.testCases.TCAddAdmittedlyModule -->
