<?xml version="1.0" encoding="UTF-8"?>
<!-- Generated by org.testng.reporters.JUnitReportReporter -->
<testsuite hostname="MacMini01.local" name="com.s3.testCases.TCUsers" tests="1" failures="0" timestamp="19 Sep 2017 11:08:14 GMT" time="103.789" errors="0">
  <testcase name="admin" time="103.789" classname="com.s3.testCases.TCUsers"/>
</testsuite> <!-- com.s3.testCases.TCUsers -->
