<?xml version="1.0" encoding="UTF-8"?>
<!-- Generated by org.testng.reporters.JUnitReportReporter -->
<testsuite hostname="MacMini01.local" name="com.s3.TestCasesPhase2.Users.DeleteUser" tests="5" failures="0" timestamp="7 Jul 2017 10:49:06 GMT" time="166.482" errors="0">
  <testcase name="DeleteuserVerification" time="32.446" classname="com.s3.TestCasesPhase2.Users.DeleteUser"/>
  <testcase name="DeleteuserVerification" time="32.586" classname="com.s3.TestCasesPhase2.Users.DeleteUser"/>
  <testcase name="DeleteuserVerification" time="35.099" classname="com.s3.TestCasesPhase2.Users.DeleteUser"/>
  <testcase name="DeleteuserVerification" time="33.083" classname="com.s3.TestCasesPhase2.Users.DeleteUser"/>
  <testcase name="DeleteuserVerification" time="33.268" classname="com.s3.TestCasesPhase2.Users.DeleteUser"/>
</testsuite> <!-- com.s3.TestCasesPhase2.Users.DeleteUser -->
