<?xml version="1.0" encoding="UTF-8"?>
<!-- Generated by org.testng.reporters.JUnitReportReporter -->
<testsuite hostname="MacMini01.local" name="com.s3.TestCasesPhase2.Users.CreateNew_AdminUser" tests="5" failures="0" timestamp="3 Jul 2017 13:41:26 GMT" time="183.344" errors="0">
  <testcase name="UserProfilePageVerification" time="36.036" classname="com.s3.TestCasesPhase2.Users.CreateNew_AdminUser"/>
  <testcase name="UserProfilePageVerification" time="36.258" classname="com.s3.TestCasesPhase2.Users.CreateNew_AdminUser"/>
  <testcase name="UserProfilePageVerification" time="38.975" classname="com.s3.TestCasesPhase2.Users.CreateNew_AdminUser"/>
  <testcase name="UserProfilePageVerification" time="35.661" classname="com.s3.TestCasesPhase2.Users.CreateNew_AdminUser"/>
  <testcase name="UserProfilePageVerification" time="36.414" classname="com.s3.TestCasesPhase2.Users.CreateNew_AdminUser"/>
</testsuite> <!-- com.s3.TestCasesPhase2.Users.CreateNew_AdminUser -->
