<?xml version="1.0" encoding="UTF-8"?>
<!-- Generated by org.testng.reporters.JUnitReportReporter -->
<testsuite hostname="MacMini01.local" name="com.s3.TestCasesPhase2.Users.DeleteUserConfirmationMessage_UI" tests="2" failures="0" timestamp="7 Jul 2017 10:49:06 GMT" time="40.109" errors="0">
  <testcase name="DeleteUserconfirmationMessage" time="20.506" classname="com.s3.TestCasesPhase2.Users.DeleteUserConfirmationMessage_UI"/>
  <testcase name="DeleteUserconfirmationMessage" time="19.603" classname="com.s3.TestCasesPhase2.Users.DeleteUserConfirmationMessage_UI"/>
</testsuite> <!-- com.s3.TestCasesPhase2.Users.DeleteUserConfirmationMessage_UI -->
