<?xml version="1.0" encoding="UTF-8"?>
<!-- Generated by org.testng.reporters.JUnitReportReporter -->
<testsuite hostname="MacMini01.local" name="com.s3.TestCasesPhase2.Login.Test_login_RememberMeUncheck" tests="2" failures="0" timestamp="14 Jul 2017 07:13:28 GMT" time="38.559" errors="0">
  <testcase name="TestRememberme" time="16.701" classname="com.s3.TestCasesPhase2.Login.Test_login_RememberMeUncheck"/>
  <testcase name="TestRememberme" time="21.858" classname="com.s3.TestCasesPhase2.Login.Test_login_RememberMeUncheck"/>
</testsuite> <!-- com.s3.TestCasesPhase2.Login.Test_login_RememberMeUncheck -->
