<?xml version="1.0" encoding="UTF-8"?>
<!-- Generated by org.testng.reporters.JUnitReportReporter -->
<testsuite hostname="MacMini01.local" name="com.s3.TestCasesPhase2.Users.CreateNew_PartnerUser" tests="1" failures="0" timestamp="3 Jul 2017 11:49:10 GMT" time="34.985" errors="0">
  <testcase name="UserProfilePageVerification" time="34.985" classname="com.s3.TestCasesPhase2.Users.CreateNew_PartnerUser"/>
</testsuite> <!-- com.s3.TestCasesPhase2.Users.CreateNew_PartnerUser -->
