<?xml version="1.0" encoding="UTF-8"?>
<!-- Generated by org.testng.reporters.JUnitReportReporter -->
<testsuite hostname="MacMini01.local" name="com.s3.TestCasesPhase2.Admin.Test_AdminManagePartnerMendetoryfieldsCreatePartner" tests="1" failures="0" timestamp="21 Jul 2017 06:04:32 GMT" time="28.331" errors="0">
  <testcase name="ManagePartnerPageUI" time="28.331" classname="com.s3.TestCasesPhase2.Admin.Test_AdminManagePartnerMendetoryfieldsCreatePartner"/>
</testsuite> <!-- com.s3.TestCasesPhase2.Admin.Test_AdminManagePartnerMendetoryfieldsCreatePartner -->
