<?xml version="1.0" encoding="UTF-8"?>
<!-- Generated by org.testng.reporters.JUnitReportReporter -->
<testsuite hostname="MacMini01.local" name="com.s3.TestCasesPhase2.Login.Test_Login_LoginPageElementVerification" tests="1" failures="0" timestamp="14 Jul 2017 11:09:46 GMT" time="9.886" errors="0">
  <testcase name="LoginPageVerification" time="9.886" classname="com.s3.TestCasesPhase2.Login.Test_Login_LoginPageElementVerification"/>
</testsuite> <!-- com.s3.TestCasesPhase2.Login.Test_Login_LoginPageElementVerification -->
