<?xml version="1.0" encoding="UTF-8"?>
<!-- Generated by org.testng.reporters.JUnitReportReporter -->
<testsuite hostname="MacMini01.local" name="com.s3.TestCasesPhase2.Admin.Test_AdminManagePartnerCreateNewPartnerOnlistpage" tests="1" failures="0" timestamp="25 Jul 2017 11:25:26 GMT" time="30.043" errors="0">
  <testcase name="ManagePartnerCreateNewPartner" time="30.043" classname="com.s3.TestCasesPhase2.Admin.Test_AdminManagePartnerCreateNewPartnerOnlistpage"/>
</testsuite> <!-- com.s3.TestCasesPhase2.Admin.Test_AdminManagePartnerCreateNewPartnerOnlistpage -->
