<?xml version="1.0" encoding="UTF-8"?>
<!-- Generated by org.testng.reporters.JUnitReportReporter -->
<testsuite hostname="MacMini01.local" name="com.s3.Sendmail.SendReport" tests="1" failures="0" timestamp="10 Jul 2017 07:01:51 GMT" time="5.480" errors="0">
  <testcase name="ReportSend" time="5.480" classname="com.s3.Sendmail.SendReport"/>
</testsuite> <!-- com.s3.Sendmail.SendReport -->
