<?xml version="1.0" encoding="UTF-8"?>
<!-- Generated by org.testng.reporters.JUnitReportReporter -->
<testsuite hostname="MacMini01.local" name="com.s3.TestCasesPhase2.Users.ChangePasswordPopupVisiblityVerification" tests="2" failures="0" timestamp="7 Jul 2017 10:49:06 GMT" time="42.604" errors="0">
  <testcase name="SearchUserVerification" time="20.176" classname="com.s3.TestCasesPhase2.Users.ChangePasswordPopupVisiblityVerification"/>
  <testcase name="SearchUserVerification" time="22.428" classname="com.s3.TestCasesPhase2.Users.ChangePasswordPopupVisiblityVerification"/>
</testsuite> <!-- com.s3.TestCasesPhase2.Users.ChangePasswordPopupVisiblityVerification -->
