<?xml version="1.0" encoding="UTF-8"?>
<!-- Generated by org.testng.reporters.JUnitReportReporter -->
<testsuite hostname="MacMini01.local" name="com.s3.TestCasesPhase2.Users.SearchInvalidUser" tests="4" failures="0" timestamp="7 Jul 2017 10:49:06 GMT" time="80.204" errors="0">
  <testcase name="SearchUserVerification" time="20.248" classname="com.s3.TestCasesPhase2.Users.SearchInvalidUser"/>
  <testcase name="SearchUserVerification" time="19.999" classname="com.s3.TestCasesPhase2.Users.SearchInvalidUser"/>
  <testcase name="SearchUserVerification" time="20.247" classname="com.s3.TestCasesPhase2.Users.SearchInvalidUser"/>
  <testcase name="SearchUserVerification" time="19.710" classname="com.s3.TestCasesPhase2.Users.SearchInvalidUser"/>
</testsuite> <!-- com.s3.TestCasesPhase2.Users.SearchInvalidUser -->
