<?xml version="1.0" encoding="UTF-8"?>
<!-- Generated by org.testng.reporters.JUnitReportReporter -->
<testsuite hostname="MacMini01.local" name="com.s3.testCases.TCAddCoursesModule" tests="1" failures="0" timestamp="22 Sep 2017 14:36:07 GMT" time="153.631" errors="0">
  <testcase name="AddCoursesModule" time="153.631" classname="com.s3.testCases.TCAddCoursesModule"/>
</testsuite> <!-- com.s3.testCases.TCAddCoursesModule -->
