<?xml version="1.0" encoding="UTF-8"?>
<!-- Generated by org.testng.reporters.JUnitReportReporter -->
<testsuite hostname="MacMini01.local" name="com.s3.TestCasses.Login.LoginBlank" tests="1" failures="0" timestamp="13 Jun 2017 12:58:10 GMT" time="12.966" errors="0">
  <testcase name="LoginErrorMessage" time="12.966" classname="com.s3.TestCasses.Login.LoginBlank"/>
</testsuite> <!-- com.s3.TestCasses.Login.LoginBlank -->
