<?xml version="1.0" encoding="UTF-8"?>
<!-- Generated by org.testng.reporters.JUnitReportReporter -->
<testsuite hostname="MacMini01.local" name="com.s3.testCases.TCAddDashboardModule" tests="1" failures="0" timestamp="22 Sep 2017 11:33:03 GMT" time="89.296" errors="0">
  <testcase name="addDashboardModule" time="89.296" classname="com.s3.testCases.TCAddDashboardModule"/>
</testsuite> <!-- com.s3.testCases.TCAddDashboardModule -->
