<?xml version="1.0" encoding="UTF-8"?>
<!-- Generated by org.testng.reporters.JUnitReportReporter -->
<testsuite hostname="MacMini01.local" name="com.s3.TestCasesPhase2.Users.CreateNewUser" tests="5" failures="0" timestamp="7 Jul 2017 10:49:06 GMT" time="168.824" errors="0">
  <testcase name="CreateNewUserVerification" time="35.000" classname="com.s3.TestCasesPhase2.Users.CreateNewUser"/>
  <testcase name="CreateNewUserVerification" time="33.498" classname="com.s3.TestCasesPhase2.Users.CreateNewUser"/>
  <testcase name="CreateNewUserVerification" time="33.695" classname="com.s3.TestCasesPhase2.Users.CreateNewUser"/>
  <testcase name="CreateNewUserVerification" time="33.050" classname="com.s3.TestCasesPhase2.Users.CreateNewUser"/>
  <testcase name="CreateNewUserVerification" time="33.581" classname="com.s3.TestCasesPhase2.Users.CreateNewUser"/>
</testsuite> <!-- com.s3.TestCasesPhase2.Users.CreateNewUser -->
