<?xml version="1.0" encoding="UTF-8"?>
<!-- Generated by org.testng.reporters.JUnitReportReporter -->
<testsuite hostname="MacMini01.local" name="com.s3.TestCasses.Login.LoginPage" tests="1" failures="0" timestamp="9 Jun 2017 11:34:53 GMT" time="12.797" errors="0">
  <testcase name="LoginPageVerification" time="12.797" classname="com.s3.TestCasses.Login.LoginPage"/>
</testsuite> <!-- com.s3.TestCasses.Login.LoginPage -->
