<?xml version="1.0" encoding="UTF-8"?>
<!-- Generated by org.testng.reporters.JUnitReportReporter -->
<testsuite hostname="MacMini01.local" name="com.s3.TestCasses.Login.LoginPageElementVerification" tests="1" failures="0" timestamp="13 Jun 2017 13:14:30 GMT" time="17.962" errors="0">
  <testcase name="LoginPageVerification" time="17.962" classname="com.s3.TestCasses.Login.LoginPageElementVerification"/>
</testsuite> <!-- com.s3.TestCasses.Login.LoginPageElementVerification -->
