<?xml version="1.0" encoding="UTF-8"?>
<!-- Generated by org.testng.reporters.JUnitReportReporter -->
<testsuite hostname="MacMini01.local" name="com.s3.TestCasesPhase2.Users.Test_UsersSearchInvalidUser" tests="1" failures="0" timestamp="24 Jul 2017 10:25:12 GMT" time="26.186" errors="0">
  <testcase name="SearchUserVerification" time="26.186" classname="com.s3.TestCasesPhase2.Users.Test_UsersSearchInvalidUser"/>
</testsuite> <!-- com.s3.TestCasesPhase2.Users.Test_UsersSearchInvalidUser -->
