<?xml version="1.0" encoding="UTF-8"?>
<!-- Generated by org.testng.reporters.JUnitReportReporter -->
<testsuite hostname="MacMini01.local" name="com.s3.testCases.TCAddBillPayModule" tests="1" failures="0" timestamp="22 Sep 2017 11:33:03 GMT" time="159.366" errors="0">
  <testcase name="addPreDefinedWebModule" time="159.366" classname="com.s3.testCases.TCAddBillPayModule"/>
</testsuite> <!-- com.s3.testCases.TCAddBillPayModule -->
