<?xml version="1.0" encoding="UTF-8"?>
<!-- Generated by org.testng.reporters.JUnitReportReporter -->
<testsuite hostname="MacMini01.local" name="com.s3.TestCasesPhase2.Users.Test_UsersEditUser" tests="1" failures="0" timestamp="14 Jul 2017 11:09:46 GMT" time="53.306" errors="0">
  <testcase name="EditUserVerification" time="53.306" classname="com.s3.TestCasesPhase2.Users.Test_UsersEditUser"/>
</testsuite> <!-- com.s3.TestCasesPhase2.Users.Test_UsersEditUser -->
