<?xml version="1.0" encoding="UTF-8"?>
<!-- Generated by org.testng.reporters.JUnitReportReporter -->
<testsuite hostname="MacMini01.local" name="com.s3.TestCasesPhase2.Admin.Test_AdminManagePartnerElementsOnCreateNewPartner" tests="1" failures="0" timestamp="25 Jul 2017 11:25:27 GMT" time="30.290" errors="0">
  <testcase name="ManagePartnerElementOnCreateNewPartner" time="30.290" classname="com.s3.TestCasesPhase2.Admin.Test_AdminManagePartnerElementsOnCreateNewPartner"/>
</testsuite> <!-- com.s3.TestCasesPhase2.Admin.Test_AdminManagePartnerElementsOnCreateNewPartner -->
