<?xml version="1.0" encoding="UTF-8"?>
<!-- Generated by org.testng.reporters.JUnitReportReporter -->
<testsuite hostname="MacMini01.local" name="com.s3.TestCasesPhase2.Admin.Test_AdminManagePartnerPrefilledNameOnEditPartner" tests="1" failures="0" timestamp="25 Jul 2017 12:47:20 GMT" time="26.380" errors="0">
  <testcase name="ManagePartnerPrefillNameEditPartner" time="26.380" classname="com.s3.TestCasesPhase2.Admin.Test_AdminManagePartnerPrefilledNameOnEditPartner"/>
</testsuite> <!-- com.s3.TestCasesPhase2.Admin.Test_AdminManagePartnerPrefilledNameOnEditPartner -->
