<?xml version="1.0" encoding="UTF-8"?>
<!-- Generated by org.testng.reporters.JUnitReportReporter -->
<testsuite hostname="MacMini01.local" name="com.s3.TestCasesPhase2.Users.UserProfileElementVerification" tests="4" failures="0" timestamp="7 Jul 2017 10:49:06 GMT" time="71.547" errors="0">
  <testcase name="UserProfilePageVerification" time="17.785" classname="com.s3.TestCasesPhase2.Users.UserProfileElementVerification"/>
  <testcase name="UserProfilePageVerification" time="18.723" classname="com.s3.TestCasesPhase2.Users.UserProfileElementVerification"/>
  <testcase name="UserProfilePageVerification" time="17.041" classname="com.s3.TestCasesPhase2.Users.UserProfileElementVerification"/>
  <testcase name="UserProfilePageVerification" time="17.998" classname="com.s3.TestCasesPhase2.Users.UserProfileElementVerification"/>
</testsuite> <!-- com.s3.TestCasesPhase2.Users.UserProfileElementVerification -->
