<?xml version="1.0" encoding="UTF-8"?>
<!-- Generated by org.testng.reporters.JUnitReportReporter -->
<testsuite hostname="MacMini01.local" name="com.s3.testCases.TCManagePartners" tests="1" failures="0" timestamp="19 Sep 2017 11:08:14 GMT" time="118.098" errors="0">
  <testcase name="Partner" time="118.098" classname="com.s3.testCases.TCManagePartners"/>
</testsuite> <!-- com.s3.testCases.TCManagePartners -->
