<?xml version="1.0" encoding="UTF-8"?>
<!-- Generated by org.testng.reporters.JUnitReportReporter -->
<testsuite hostname="MacMini01.local" name="com.s3.TestCasesPhase2.Users.EditUser" tests="1" failures="0" timestamp="7 Jul 2017 10:49:06 GMT" time="52.643" errors="0">
  <testcase name="EditUserVerification" time="52.643" classname="com.s3.TestCasesPhase2.Users.EditUser"/>
</testsuite> <!-- com.s3.TestCasesPhase2.Users.EditUser -->
