<?xml version="1.0" encoding="UTF-8"?>
<!-- Generated by org.testng.reporters.JUnitReportReporter -->
<testsuite hostname="MacMini01.local" name="com.s3.testCases.TCCopyMyAppliction" tests="1" failures="0" timestamp="22 Sep 2017 11:33:03 GMT" time="30.931" errors="0">
  <testcase name="CopyMyApplication" time="30.931" classname="com.s3.testCases.TCCopyMyAppliction"/>
</testsuite> <!-- com.s3.testCases.TCCopyMyAppliction -->
