<?xml version="1.0" encoding="UTF-8"?>
<!-- Generated by org.testng.reporters.JUnitReportReporter -->
<testsuite hostname="MacMini01.local" name="com.s3.testCases.TCAddRSSModules" tests="1" failures="0" timestamp="22 Sep 2017 11:33:03 GMT" time="128.566" errors="0">
  <testcase name="addNewRSSModule" time="128.566" classname="com.s3.testCases.TCAddRSSModules"/>
</testsuite> <!-- com.s3.testCases.TCAddRSSModules -->
