<?xml version="1.0" encoding="UTF-8"?>
<!-- Generated by org.testng.reporters.JUnitReportReporter -->
<testsuite hostname="MacMini01.local" name="com.s3.TestCasses.Login.LoginPageURL" tests="1" failures="0" timestamp="9 Jun 2017 13:04:16 GMT" time="11.698" errors="0">
  <testcase name="LoginpageURLVerification" time="11.698" classname="com.s3.TestCasses.Login.LoginPageURL"/>
</testsuite> <!-- com.s3.TestCasses.Login.LoginPageURL -->
