<?xml version="1.0" encoding="UTF-8"?>
<!-- Generated by org.testng.reporters.JUnitReportReporter -->
<testsuite hostname="MacMini01.local" name="com.s3.TestCasesPhase2.Users.Requiredfields_verification_NewUser" tests="4" failures="0" timestamp="7 Jul 2017 10:49:06 GMT" time="76.334" errors="0">
  <testcase name="RequiredFieldsVerification" time="21.045" classname="com.s3.TestCasesPhase2.Users.Requiredfields_verification_NewUser"/>
  <testcase name="RequiredFieldsVerification" time="18.082" classname="com.s3.TestCasesPhase2.Users.Requiredfields_verification_NewUser"/>
  <testcase name="RequiredFieldsVerification" time="19.632" classname="com.s3.TestCasesPhase2.Users.Requiredfields_verification_NewUser"/>
  <testcase name="RequiredFieldsVerification" time="17.575" classname="com.s3.TestCasesPhase2.Users.Requiredfields_verification_NewUser"/>
</testsuite> <!-- com.s3.TestCasesPhase2.Users.Requiredfields_verification_NewUser -->
