<?xml version="1.0" encoding="UTF-8"?>
<!-- Generated by org.testng.reporters.JUnitReportReporter -->
<testsuite hostname="MacMini01.local" name="com.s3.TestCasesPhase2.Admin.Test_AdminManagePartnerCreateNewPartnerInputVerification" tests="1" failures="0" timestamp="25 Jul 2017 11:25:27 GMT" time="25.320" errors="0">
  <testcase name="ManagePartnerInputinName" time="25.320" classname="com.s3.TestCasesPhase2.Admin.Test_AdminManagePartnerCreateNewPartnerInputVerification"/>
</testsuite> <!-- com.s3.TestCasesPhase2.Admin.Test_AdminManagePartnerCreateNewPartnerInputVerification -->
