<?xml version="1.0" encoding="UTF-8"?>
<!-- Generated by org.testng.reporters.JUnitReportReporter -->
<testsuite hostname="MacMini01.local" name="com.s3.TestCasesPhase2.Login.Test_Login_InvalidLogin" tests="2" failures="0" timestamp="14 Jul 2017 11:09:46 GMT" time="22.931" errors="0">
  <testcase name="LoginErrorMessage" time="11.512" classname="com.s3.TestCasesPhase2.Login.Test_Login_InvalidLogin"/>
  <testcase name="LoginErrorMessage" time="11.419" classname="com.s3.TestCasesPhase2.Login.Test_Login_InvalidLogin"/>
</testsuite> <!-- com.s3.TestCasesPhase2.Login.Test_Login_InvalidLogin -->
