<?xml version="1.0" encoding="UTF-8"?>
<!-- Generated by org.testng.reporters.JUnitReportReporter -->
<testsuite hostname="MacMini01.local" name="com.s3.TestCasesPhase2.Users.Test_User_ManageUserPageElementVerification" tests="4" failures="0" timestamp="4 Jul 2017 05:50:12 GMT" time="83.675" errors="0">
  <testcase name="UserProfilePageVerification" time="20.767" classname="com.s3.TestCasesPhase2.Users.Test_User_ManageUserPageElementVerification"/>
  <testcase name="UserProfilePageVerification" time="19.469" classname="com.s3.TestCasesPhase2.Users.Test_User_ManageUserPageElementVerification"/>
  <testcase name="UserProfilePageVerification" time="23.729" classname="com.s3.TestCasesPhase2.Users.Test_User_ManageUserPageElementVerification"/>
  <testcase name="UserProfilePageVerification" time="19.710" classname="com.s3.TestCasesPhase2.Users.Test_User_ManageUserPageElementVerification"/>
</testsuite> <!-- com.s3.TestCasesPhase2.Users.Test_User_ManageUserPageElementVerification -->
