<?xml version="1.0" encoding="UTF-8"?>
<!-- Generated by org.testng.reporters.JUnitReportReporter -->
<testsuite hostname="MacMini01.local" name="com.s3.TestCasesPhase2.Login.ForgotPasswordDismiss" tests="1" failures="0" timestamp="19 Jun 2017 11:22:57 GMT" time="42.834" errors="0">
  <testcase name="LoginErrorMessage" time="42.834" classname="com.s3.TestCasesPhase2.Login.ForgotPasswordDismiss"/>
</testsuite> <!-- com.s3.TestCasesPhase2.Login.ForgotPasswordDismiss -->
