<?xml version="1.0" encoding="UTF-8"?>
<!-- Generated by org.testng.reporters.JUnitReportReporter -->
<testsuite hostname="MacMini01.local" name="com.s3.TestCasesPhase2.Users.Create_NewUser_popupVerification" tests="4" failures="0" timestamp="7 Jul 2017 10:49:06 GMT" time="72.803" errors="0">
  <testcase name="CreateNewUserPopupVerification" time="18.456" classname="com.s3.TestCasesPhase2.Users.Create_NewUser_popupVerification"/>
  <testcase name="CreateNewUserPopupVerification" time="18.248" classname="com.s3.TestCasesPhase2.Users.Create_NewUser_popupVerification"/>
  <testcase name="CreateNewUserPopupVerification" time="17.990" classname="com.s3.TestCasesPhase2.Users.Create_NewUser_popupVerification"/>
  <testcase name="CreateNewUserPopupVerification" time="18.109" classname="com.s3.TestCasesPhase2.Users.Create_NewUser_popupVerification"/>
</testsuite> <!-- com.s3.TestCasesPhase2.Users.Create_NewUser_popupVerification -->
