<?xml version="1.0" encoding="UTF-8"?>
<!-- Generated by org.testng.reporters.JUnitReportReporter -->
<testsuite hostname="MacMini01.local" name="com.s3.utility.SendReport" tests="1" failures="0" timestamp="10 Jul 2017 06:54:55 GMT" time="5.554" errors="0">
  <testcase name="ReportSend" time="5.554" classname="com.s3.utility.SendReport"/>
</testsuite> <!-- com.s3.utility.SendReport -->
