<?xml version="1.0" encoding="UTF-8"?>
<!-- Generated by org.testng.reporters.JUnitReportReporter -->
<testsuite hostname="MacMini01.local" name="com.s3.testCases.TCAddNewsModule" tests="1" failures="0" timestamp="22 Sep 2017 11:33:03 GMT" time="133.014" errors="0">
  <testcase name="addNewsVideoSportsModule" time="133.014" classname="com.s3.testCases.TCAddNewsModule"/>
</testsuite> <!-- com.s3.testCases.TCAddNewsModule -->
