<?xml version="1.0" encoding="UTF-8"?>
<!-- Generated by org.testng.reporters.JUnitReportReporter -->
<testsuite hostname="MacMini01.local" name="com.s3.TestCasesPhase2.Login.Test_Login_ForgotPassword_UI" tests="1" failures="0" timestamp="14 Jul 2017 11:09:46 GMT" time="9.487" errors="0">
  <testcase name="LoginErrorMessage" time="9.487" classname="com.s3.TestCasesPhase2.Login.Test_Login_ForgotPassword_UI"/>
</testsuite> <!-- com.s3.TestCasesPhase2.Login.Test_Login_ForgotPassword_UI -->
