<?xml version="1.0" encoding="UTF-8"?>
<!-- Generated by org.testng.reporters.JUnitReportReporter -->
<testsuite hostname="MacMini01.local" name="com.s3.TestCasesPhase2.Admin.Test_AdminManagePartnerCreateNewPartnerVisiblity" tests="1" failures="0" timestamp="25 Jul 2017 11:25:27 GMT" time="23.628" errors="0">
  <testcase name="ManagePartnerNewPartnervisiblity" time="23.628" classname="com.s3.TestCasesPhase2.Admin.Test_AdminManagePartnerCreateNewPartnerVisiblity"/>
</testsuite> <!-- com.s3.TestCasesPhase2.Admin.Test_AdminManagePartnerCreateNewPartnerVisiblity -->
