<?xml version="1.0" encoding="UTF-8"?>
<!-- Generated by org.testng.reporters.JUnitReportReporter -->
<testsuite hostname="MacMini01.local" name="com.s3.TestCasesPhase2.Users.Create_NewUser" tests="4" failures="0" timestamp="29 Jun 2017 09:30:07 GMT" time="78.871" errors="0">
  <testcase name="UserProfilePageVerification" time="19.902" classname="com.s3.TestCasesPhase2.Users.Create_NewUser"/>
  <testcase name="UserProfilePageVerification" time="19.728" classname="com.s3.TestCasesPhase2.Users.Create_NewUser"/>
  <testcase name="UserProfilePageVerification" time="18.900" classname="com.s3.TestCasesPhase2.Users.Create_NewUser"/>
  <testcase name="UserProfilePageVerification" time="20.341" classname="com.s3.TestCasesPhase2.Users.Create_NewUser"/>
</testsuite> <!-- com.s3.TestCasesPhase2.Users.Create_NewUser -->
