<?xml version="1.0" encoding="UTF-8"?>
<!-- Generated by org.testng.reporters.JUnitReportReporter -->
<testsuite hostname="MacMini01.local" name="com.s3.testCases.TCInfo" tests="1" failures="0" timestamp="22 Sep 2017 11:33:03 GMT" time="123.838" errors="0">
  <testcase name="Info" time="123.838" classname="com.s3.testCases.TCInfo"/>
</testsuite> <!-- com.s3.testCases.TCInfo -->
