<?xml version="1.0" encoding="UTF-8"?>
<!-- Generated by org.testng.reporters.JUnitReportReporter -->
<testsuite hostname="MacMini01.local" name="com.s3.testCases.TCAddAdmissionsModule" tests="1" failures="0" timestamp="19 Sep 2017 15:06:04 GMT" time="325.535" errors="0">
  <testcase name="addAdmissionsModule" time="325.535" classname="com.s3.testCases.TCAddAdmissionsModule"/>
</testsuite> <!-- com.s3.testCases.TCAddAdmissionsModule -->
