<?xml version="1.0" encoding="UTF-8"?>
<!-- Generated by org.testng.reporters.JUnitReportReporter -->
<testsuite hostname="MacMini01.local" name="com.s3.TestCasesPhase2.Users.CreateNewUser_UI_verification" tests="3" failures="0" timestamp="7 Jul 2017 10:49:06 GMT" time="145.168" errors="0">
  <testcase name="NewUserUIVerification" time="31.545" classname="com.s3.TestCasesPhase2.Users.CreateNewUser_UI_verification"/>
  <testcase name="NewUserUIVerification" time="33.431" classname="com.s3.TestCasesPhase2.Users.CreateNewUser_UI_verification"/>
  <testcase name="NewUserUIVerification" time="80.192" classname="com.s3.TestCasesPhase2.Users.CreateNewUser_UI_verification"/>
</testsuite> <!-- com.s3.TestCasesPhase2.Users.CreateNewUser_UI_verification -->
