<?xml version="1.0" encoding="UTF-8"?>
<!-- Generated by org.testng.reporters.JUnitReportReporter -->
<testsuite hostname="MacMini01.local" name="com.s3.testCases.TCAddCampusJobModule" tests="1" failures="0" timestamp="22 Sep 2017 11:33:03 GMT" time="162.176" errors="0">
  <testcase name="addPreDefinedWebModule" time="162.176" classname="com.s3.testCases.TCAddCampusJobModule"/>
</testsuite> <!-- com.s3.testCases.TCAddCampusJobModule -->
